#
# A fatal error has been detected by the Java Runtime Environment:
#
#  EXCEPTION_ACCESS_VIOLATION (0xc0000005) at pc=0x000000005fa42a49, pid=25068, tid=0x00000000000064c8
#
# JRE version: Java(TM) SE Runtime Environment (8.0_144-b01) (build 1.8.0_144-b01)
# Java VM: Java HotSpot(TM) 64-Bit Server VM (25.144-b01 mixed mode windows-amd64 compressed oops)
# Problematic frame:
# V  [jvm.dll+0x72a49]
#
# Failed to write core dump. Minidumps are not enabled by default on client versions of Windows
#
# If you would like to submit a bug report, please visit:
#   http://bugreport.java.com/bugreport/crash.jsp
#

---------------  T H R E A D  ---------------

Current thread (0x000000001c0e7800):  VMThread [stack: 0x000000001ddc0000,0x000000001dec0000] [id=25800]

siginfo: ExceptionCode=0xc0000005, reading address 0x000000000bffa4dc

Registers:
RAX=0x000000000bffa494, RBX=0x0000000020f460f0, RCX=0x00000000274cb938, RDX=0x0000000000000000
RSP=0x000000001debee50, RBP=0x0000000000000000, RSI=0x000000000000000f, RDI=0x0000000000000011
R8 =0x0000000000080001, R9 =0x0000000000000000, R10=0x0000000000008000, R11=0x000000005ffd2498
R12=0x00000000601a5b01, R13=0x0000000000000000, R14=0x00000000600256b0, R15=0x00000000601a5b10
RIP=0x000000005fa42a49, EFLAGS=0x0000000000010246

Top of Stack: (sp=0x000000001debee50)
0x000000001debee50:   0000000020f460f0 0000000000000008
0x000000001debee60:   0000000000000000 00000000601a5b01
0x000000001debee70:   000000001debf020 000000005fa339b7
0x000000001debee80:   0000000000000008 0000000000000000
0x000000001debee90:   0000000000000000 0000000000000000
0x000000001debeea0:   00000000601a5be0 000000005fa3401f
0x000000001debeeb0:   000000005ffcff00 0000000000000000
0x000000001debeec0:   00001b382384e0ac 000000005fc5b80d
0x000000001debeed0:   00000000600256b0 0000000000000000
0x000000001debeee0:   00000000601a5b80 000000005fa48f02
0x000000001debeef0:   00000000601a5be0 000000001debf020
0x000000001debef00:   0000000000000008 0000000000000000
0x000000001debef10:   0000000000000000 000000005fdce712
0x000000001debef20:   000000001bf75420 0000000000000008
0x000000001debef30:   000000001bf75420 0000000000000008
0x000000001debef40:   00000000601a5b10 000000000000001b 

Instructions: (pc=0x000000005fa42a49)
0x000000005fa42a29:   f5 48 2b fb 48 c1 ef 03 48 85 ff 74 1e 66 66 0f
0x000000005fa42a39:   1f 84 00 00 00 00 00 48 8b 0c f3 33 d2 48 8b 01
0x000000005fa42a49:   ff 50 48 48 ff c6 48 3b f7 72 ec 48 8b 8b 08 02
0x000000005fa42a59:   00 00 48 89 9b 00 02 00 00 48 89 ab 08 02 00 00 


Register to memory mapping:

RAX=0x000000000bffa494 is an unknown value
RBX=0x0000000020f460f0 is an unknown value
RCX=0x00000000274cb938 is pointing into metadata
RDX=0x0000000000000000 is an unknown value
RSP=0x000000001debee50 is an unknown value
RBP=0x0000000000000000 is an unknown value
RSI=0x000000000000000f is an unknown value
RDI=0x0000000000000011 is an unknown value
R8 =0x0000000000080001 is an unknown value
R9 =0x0000000000000000 is an unknown value
R10=0x0000000000008000 is an unknown value
R11=0x000000005ffd2498 is an unknown value
R12=0x00000000601a5b01 is an unknown value
R13=0x0000000000000000 is an unknown value
R14=0x00000000600256b0 is an unknown value
R15=0x00000000601a5b10 is an unknown value


Stack: [0x000000001ddc0000,0x000000001dec0000],  sp=0x000000001debee50,  free space=1019k
Native frames: (J=compiled Java code, j=interpreted, Vv=VM code, C=native code)

VM_Operation (0x000000002135f220): ParallelGCSystemGC, mode: safepoint, requested by thread 0x0000000020c8f800


---------------  P R O C E S S  ---------------

Java Threads: ( => current thread )
  0x0000000020c8f800 JavaThread "Thread-72" [_thread_blocked, id=14744, stack(0x0000000021260000,0x0000000021360000)]
  0x00000000232b5000 JavaThread "http-nio-8079-Acceptor" daemon [_thread_blocked, id=14856, stack(0x0000000026d30000,0x0000000026e30000)]
  0x0000000020c8b000 JavaThread "RMI TCP Connection(idle)" daemon [_thread_blocked, id=23180, stack(0x0000000026630000,0x0000000026730000)]
  0x00000000232b6800 JavaThread "RMI TCP Connection(idle)" daemon [_thread_blocked, id=32872, stack(0x0000000026430000,0x0000000026530000)]
  0x00000000232b6000 JavaThread "RMI TCP Connection(34)-127.0.0.1" daemon [_thread_in_native, id=23944, stack(0x0000000026330000,0x0000000026430000)]
  0x0000000023549800 JavaThread "RMI TCP Connection(idle)" daemon [_thread_blocked, id=12956, stack(0x0000000026e30000,0x0000000026f30000)]
  0x00000000232b3800 JavaThread "DestroyJavaVM" [_thread_blocked, id=13212, stack(0x0000000002480000,0x0000000002580000)]
  0x00000000232ac800 JavaThread "Live Reload Server" daemon [_thread_in_native, id=11064, stack(0x0000000025b30000,0x0000000025c30000)]
  0x0000000020c90800 JavaThread "InterruptTimer" daemon [_thread_blocked, id=34796, stack(0x0000000024130000,0x0000000024230000)]
  0x0000000020c8e000 JavaThread "oracle.jdbc.driver.BlockSource.ThreadedCachingBlockSource.BlockReleaser" daemon [_thread_blocked, id=6292, stack(0x0000000024030000,0x0000000024130000)]
  0x0000000020c8d800 JavaThread "Timer-0" daemon [_thread_blocked, id=33580, stack(0x0000000023f30000,0x0000000024030000)]
  0x000000002035b000 JavaThread "JMX server connection timeout 21" daemon [_thread_blocked, id=16168, stack(0x0000000021660000,0x0000000021760000)]
  0x000000002030f000 JavaThread "RMI Scheduler(0)" daemon [_thread_blocked, id=34376, stack(0x0000000021360000,0x0000000021460000)]
  0x000000001f9e9000 JavaThread "RMI TCP Accept-0" daemon [_thread_in_native, id=96, stack(0x000000001fd20000,0x000000001fe20000)]
  0x000000001f9dc800 JavaThread "RMI TCP Accept-53001" daemon [_thread_in_native, id=13468, stack(0x000000001fc20000,0x000000001fd20000)]
  0x000000001f9cd000 JavaThread "RMI TCP Accept-0" daemon [_thread_in_native, id=11100, stack(0x000000001fb20000,0x000000001fc20000)]
  0x000000001e075000 JavaThread "Service Thread" daemon [_thread_blocked, id=32260, stack(0x000000001f220000,0x000000001f320000)]
  0x000000001e02a800 JavaThread "C1 CompilerThread3" daemon [_thread_blocked, id=12788, stack(0x000000001f120000,0x000000001f220000)]
  0x000000001e029800 JavaThread "C2 CompilerThread2" daemon [_thread_blocked, id=18748, stack(0x000000001f020000,0x000000001f120000)]
  0x000000001e029000 JavaThread "C2 CompilerThread1" daemon [_thread_blocked, id=18240, stack(0x000000001ef20000,0x000000001f020000)]
  0x000000001e020000 JavaThread "C2 CompilerThread0" daemon [_thread_blocked, id=27144, stack(0x000000001ee20000,0x000000001ef20000)]
  0x000000001e011800 JavaThread "JDWP Command Reader" daemon [_thread_blocked, id=15292, stack(0x000000001ed20000,0x000000001ee20000)]
  0x000000001e010000 JavaThread "JDWP Event Helper Thread" daemon [_thread_blocked, id=14244, stack(0x000000001ec20000,0x000000001ed20000)]
  0x000000001dfff800 JavaThread "JDWP Transport Listener: dt_socket" daemon [_thread_blocked, id=13136, stack(0x000000001eb20000,0x000000001ec20000)]
  0x000000001dfee000 JavaThread "Attach Listener" daemon [_thread_blocked, id=24432, stack(0x000000001e6e0000,0x000000001e7e0000)]
  0x000000001dfed000 JavaThread "Signal Dispatcher" daemon [_thread_blocked, id=15552, stack(0x000000001e5e0000,0x000000001e6e0000)]
  0x000000001c0f6800 JavaThread "Finalizer" daemon [_thread_blocked, id=19592, stack(0x000000001e3c0000,0x000000001e4c0000)]
  0x000000001c0ef800 JavaThread "Reference Handler" daemon [_thread_blocked, id=29152, stack(0x000000001dec0000,0x000000001dfc0000)]

Other Threads:
=>0x000000001c0e7800 VMThread [stack: 0x000000001ddc0000,0x000000001dec0000] [id=25800]
  0x000000001f9f0800 WatcherThread [stack: 0x000000001fe20000,0x000000001ff20000] [id=10984]

VM state:at safepoint (normal execution)

VM Mutex/Monitor currently owned by a thread:  ([mutex/lock_event])
[0x0000000002606400] Threads_lock - owner thread: 0x000000001c0e7800
[0x0000000002607180] Heap_lock - owner thread: 0x0000000020c8f800

Heap:
 PSYoungGen      total 452096K, used 4993K [0x000000076b580000, 0x0000000789200000, 0x00000007c0000000)
  eden space 446976K, 0% used [0x000000076b580000,0x000000076b580000,0x0000000786a00000)
  from space 5120K, 97% used [0x0000000786a00000,0x0000000786ee0660,0x0000000786f00000)
  to   space 20480K, 0% used [0x0000000787e00000,0x0000000787e00000,0x0000000789200000)
 ParOldGen       total 193536K, used 25446K [0x00000006c2000000, 0x00000006cdd00000, 0x000000076b580000)
  object space 193536K, 13% used [0x00000006c2000000,0x00000006c38d98d0,0x00000006cdd00000)
 Metaspace       used 64072K, capacity 67620K, committed 67752K, reserved 1107968K
  class space    used 8534K, capacity 9294K, committed 9392K, reserved 1048576K

Card table byte_map: [0x0000000011ac0000,0x00000000122c0000] byte_map_base: 0x000000000e4b0000

Marking Bits: (ParMarkBitMap*) 0x00000000601ed850
 Begin Bits: [0x0000000013010000, 0x0000000016f90000)
 End Bits:   [0x0000000016f90000, 0x000000001af10000)

Polling page: 0x0000000002440000

CodeCache: size=245760Kb used=18762Kb max_used=18762Kb free=226997Kb
 bounds [0x0000000002700000, 0x0000000003960000, 0x0000000011700000]
 total_blobs=10249 nmethods=9601 adapters=566
 compilation: enabled

Compilation events (10 events):
Event: 511.417 Thread 0x000000001e02a800 9706       1       java.lang.Exception::<init> (5 bytes)
Event: 511.418 Thread 0x000000001e02a800 nmethod 9706 0x0000000003953550 code [0x00000000039536c0, 0x0000000003953868]
Event: 511.421 Thread 0x000000001e02a800 9707       1       org.apache.tomcat.util.modeler.NoDescriptorRegistry::unregisterComponent (1 bytes)
Event: 511.421 Thread 0x000000001e02a800 nmethod 9707 0x0000000003953910 code [0x0000000003953a60, 0x0000000003953b70]
Event: 511.424 Thread 0x000000001e02a800 9708       1       java.util.ArrayList$ListItr::hasPrevious (13 bytes)
Event: 511.424 Thread 0x000000001e02a800 nmethod 9708 0x0000000003953bd0 code [0x0000000003953d20, 0x0000000003953e50]
Event: 511.425 Thread 0x000000001e02a800 9709       1       com.zaxxer.hikari.pool.PoolEntry::compareAndSet (10 bytes)
Event: 511.426 Thread 0x000000001e02a800 nmethod 9709 0x0000000003953ed0 code [0x0000000003954040, 0x0000000003954208]
Event: 511.426 Thread 0x000000001e02a800 9710       1       java.util.concurrent.atomic.AtomicIntegerFieldUpdater$AtomicIntegerFieldUpdaterImpl::compareAndSet (19 bytes)
Event: 511.427 Thread 0x000000001e02a800 nmethod 9710 0x00000000039542d0 code [0x0000000003954440, 0x00000000039545e8]

GC Heap History (10 events):
Event: 404.268 GC heap after
Heap after GC invocations=23 (full 8):
 PSYoungGen      total 452096K, used 5032K [0x000000076b580000, 0x0000000789400000, 0x00000007c0000000)
  eden space 446976K, 0% used [0x000000076b580000,0x000000076b580000,0x0000000786a00000)
  from space 5120K, 98% used [0x0000000786a00000,0x0000000786eea310,0x0000000786f00000)
  to   space 21504K, 0% used [0x0000000787f00000,0x0000000787f00000,0x0000000789400000)
 ParOldGen       total 193536K, used 24851K [0x00000006c2000000, 0x00000006cdd00000, 0x000000076b580000)
  object space 193536K, 12% used [0x00000006c2000000,0x00000006c3844dd0,0x00000006cdd00000)
 Metaspace       used 63021K, capacity 66332K, committed 66472K, reserved 1105920K
  class space    used 8424K, capacity 9114K, committed 9136K, reserved 1048576K
}
Event: 404.268 GC heap before
{Heap before GC invocations=24 (full 9):
 PSYoungGen      total 452096K, used 5032K [0x000000076b580000, 0x0000000789400000, 0x00000007c0000000)
  eden space 446976K, 0% used [0x000000076b580000,0x000000076b580000,0x0000000786a00000)
  from space 5120K, 98% used [0x0000000786a00000,0x0000000786eea310,0x0000000786f00000)
  to   space 21504K, 0% used [0x0000000787f00000,0x0000000787f00000,0x0000000789400000)
 ParOldGen       total 193536K, used 24851K [0x00000006c2000000, 0x00000006cdd00000, 0x000000076b580000)
  object space 193536K, 12% used [0x00000006c2000000,0x00000006c3844dd0,0x00000006cdd00000)
 Metaspace       used 63021K, capacity 66332K, committed 66472K, reserved 1105920K
  class space    used 8424K, capacity 9114K, committed 9136K, reserved 1048576K
Event: 404.437 GC heap after
Heap after GC invocations=24 (full 9):
 PSYoungGen      total 452096K, used 0K [0x000000076b580000, 0x0000000789400000, 0x00000007c0000000)
  eden space 446976K, 0% used [0x000000076b580000,0x000000076b580000,0x0000000786a00000)
  from space 5120K, 0% used [0x0000000786a00000,0x0000000786a00000,0x0000000786f00000)
  to   space 21504K, 0% used [0x0000000787f00000,0x0000000787f00000,0x0000000789400000)
 ParOldGen       total 193536K, used 25172K [0x00000006c2000000, 0x00000006cdd00000, 0x000000076b580000)
  object space 193536K, 13% used [0x00000006c2000000,0x00000006c3895100,0x00000006cdd00000)
 Metaspace       used 62995K, capacity 66290K, committed 66472K, reserved 1105920K
  class space    used 8420K, capacity 9106K, committed 9136K, reserved 1048576K
}
Event: 438.924 GC heap before
{Heap before GC invocations=25 (full 9):
 PSYoungGen      total 452096K, used 207601K [0x000000076b580000, 0x0000000789400000, 0x00000007c0000000)
  eden space 446976K, 46% used [0x000000076b580000,0x000000077803c520,0x0000000786a00000)
  from space 5120K, 0% used [0x0000000786a00000,0x0000000786a00000,0x0000000786f00000)
  to   space 21504K, 0% used [0x0000000787f00000,0x0000000787f00000,0x0000000789400000)
 ParOldGen       total 193536K, used 25172K [0x00000006c2000000, 0x00000006cdd00000, 0x000000076b580000)
  object space 193536K, 13% used [0x00000006c2000000,0x00000006c3895100,0x00000006cdd00000)
 Metaspace       used 63498K, capacity 66868K, committed 67112K, reserved 1107968K
  class space    used 8469K, capacity 9186K, committed 9264K, reserved 1048576K
Event: 438.929 GC heap after
Heap after GC invocations=25 (full 9):
 PSYoungGen      total 467456K, used 4886K [0x000000076b580000, 0x0000000789300000, 0x00000007c0000000)
  eden space 446976K, 0% used [0x000000076b580000,0x000000076b580000,0x0000000786a00000)
  from space 20480K, 23% used [0x0000000787f00000,0x00000007883c5b28,0x0000000789300000)
  to   space 20992K, 0% used [0x0000000786a00000,0x0000000786a00000,0x0000000787e80000)
 ParOldGen       total 193536K, used 25180K [0x00000006c2000000, 0x00000006cdd00000, 0x000000076b580000)
  object space 193536K, 13% used [0x00000006c2000000,0x00000006c3897100,0x00000006cdd00000)
 Metaspace       used 63498K, capacity 66868K, committed 67112K, reserved 1107968K
  class space    used 8469K, capacity 9186K, committed 9264K, reserved 1048576K
}
Event: 438.929 GC heap before
{Heap before GC invocations=26 (full 10):
 PSYoungGen      total 467456K, used 4886K [0x000000076b580000, 0x0000000789300000, 0x00000007c0000000)
  eden space 446976K, 0% used [0x000000076b580000,0x000000076b580000,0x0000000786a00000)
  from space 20480K, 23% used [0x0000000787f00000,0x00000007883c5b28,0x0000000789300000)
  to   space 20992K, 0% used [0x0000000786a00000,0x0000000786a00000,0x0000000787e80000)
 ParOldGen       total 193536K, used 25180K [0x00000006c2000000, 0x00000006cdd00000, 0x000000076b580000)
  object space 193536K, 13% used [0x00000006c2000000,0x00000006c3897100,0x00000006cdd00000)
 Metaspace       used 63498K, capacity 66868K, committed 67112K, reserved 1107968K
  class space    used 8469K, capacity 9186K, committed 9264K, reserved 1048576K
Event: 439.043 GC heap after
Heap after GC invocations=26 (full 10):
 PSYoungGen      total 467456K, used 0K [0x000000076b580000, 0x0000000789300000, 0x00000007c0000000)
  eden space 446976K, 0% used [0x000000076b580000,0x000000076b580000,0x0000000786a00000)
  from space 20480K, 0% used [0x0000000787f00000,0x0000000787f00000,0x0000000789300000)
  to   space 20992K, 0% used [0x0000000786a00000,0x0000000786a00000,0x0000000787e80000)
 ParOldGen       total 193536K, used 25438K [0x00000006c2000000, 0x00000006cdd00000, 0x000000076b580000)
  object space 193536K, 13% used [0x00000006c2000000,0x00000006c38d78d0,0x00000006cdd00000)
 Metaspace       used 63472K, capacity 66826K, committed 67112K, reserved 1107968K
  class space    used 8465K, capacity 9178K, committed 9264K, reserved 1048576K
}
Event: 511.435 GC heap before
{Heap before GC invocations=27 (full 10):
 PSYoungGen      total 467456K, used 226344K [0x000000076b580000, 0x0000000789300000, 0x00000007c0000000)
  eden space 446976K, 50% used [0x000000076b580000,0x000000077928a060,0x0000000786a00000)
  from space 20480K, 0% used [0x0000000787f00000,0x0000000787f00000,0x0000000789300000)
  to   space 20992K, 0% used [0x0000000786a00000,0x0000000786a00000,0x0000000787e80000)
 ParOldGen       total 193536K, used 25438K [0x00000006c2000000, 0x00000006cdd00000, 0x000000076b580000)
  object space 193536K, 13% used [0x00000006c2000000,0x00000006c38d78d0,0x00000006cdd00000)
 Metaspace       used 64072K, capacity 67620K, committed 67752K, reserved 1107968K
  class space    used 8534K, capacity 9294K, committed 9392K, reserved 1048576K
Event: 511.440 GC heap after
Heap after GC invocations=27 (full 10):
 PSYoungGen      total 452096K, used 4993K [0x000000076b580000, 0x0000000789200000, 0x00000007c0000000)
  eden space 446976K, 0% used [0x000000076b580000,0x000000076b580000,0x0000000786a00000)
  from space 5120K, 97% used [0x0000000786a00000,0x0000000786ee0660,0x0000000786f00000)
  to   space 20480K, 0% used [0x0000000787e00000,0x0000000787e00000,0x0000000789200000)
 ParOldGen       total 193536K, used 25446K [0x00000006c2000000, 0x00000006cdd00000, 0x000000076b580000)
  object space 193536K, 13% used [0x00000006c2000000,0x00000006c38d98d0,0x00000006cdd00000)
 Metaspace       used 64072K, capacity 67620K, committed 67752K, reserved 1107968K
  class space    used 8534K, capacity 9294K, committed 9392K, reserved 1048576K
}
Event: 511.441 GC heap before
{Heap before GC invocations=28 (full 11):
 PSYoungGen      total 452096K, used 4993K [0x000000076b580000, 0x0000000789200000, 0x00000007c0000000)
  eden space 446976K, 0% used [0x000000076b580000,0x000000076b580000,0x0000000786a00000)
  from space 5120K, 97% used [0x0000000786a00000,0x0000000786ee0660,0x0000000786f00000)
  to   space 20480K, 0% used [0x0000000787e00000,0x0000000787e00000,0x0000000789200000)
 ParOldGen       total 193536K, used 25446K [0x00000006c2000000, 0x00000006cdd00000, 0x000000076b580000)
  object space 193536K, 13% used [0x00000006c2000000,0x00000006c38d98d0,0x00000006cdd00000)
 Metaspace       used 64072K, capacity 67620K, committed 67752K, reserved 1107968K
  class space    used 8534K, capacity 9294K, committed 9392K, reserved 1048576K

Deoptimization events (0 events):
No events

Internal exceptions (10 events):
Event: 439.967 Thread 0x000000002354c000 Exception <a 'java/lang/ArrayIndexOutOfBoundsException'> (0x00000007747b4700) thrown at [C:\re\workspace\8-2-build-windows-amd64-cygwin\jdk8u144\9417\hotspot\src\share\vm\runtime\sharedRuntime.cpp, line 605]
Event: 439.968 Thread 0x000000002354c000 Exception <a 'java/lang/ArrayIndexOutOfBoundsException'> (0x00000007747c65e8) thrown at [C:\re\workspace\8-2-build-windows-amd64-cygwin\jdk8u144\9417\hotspot\src\share\vm\runtime\sharedRuntime.cpp, line 605]
Event: 439.968 Thread 0x000000002354c000 Exception <a 'java/lang/ArrayIndexOutOfBoundsException'> (0x00000007747d8740) thrown at [C:\re\workspace\8-2-build-windows-amd64-cygwin\jdk8u144\9417\hotspot\src\share\vm\runtime\sharedRuntime.cpp, line 605]
Event: 439.968 Thread 0x000000002354c000 Exception <a 'java/lang/ArrayIndexOutOfBoundsException'> (0x00000007747ddcb0) thrown at [C:\re\workspace\8-2-build-windows-amd64-cygwin\jdk8u144\9417\hotspot\src\share\vm\runtime\sharedRuntime.cpp, line 605]
Event: 439.969 Thread 0x000000002354c000 Exception <a 'java/lang/ArrayIndexOutOfBoundsException'> (0x00000007747e3330) thrown at [C:\re\workspace\8-2-build-windows-amd64-cygwin\jdk8u144\9417\hotspot\src\share\vm\runtime\sharedRuntime.cpp, line 605]
Event: 439.969 Thread 0x000000002354c000 Exception <a 'java/lang/ArrayIndexOutOfBoundsException'> (0x00000007747e88e8) thrown at [C:\re\workspace\8-2-build-windows-amd64-cygwin\jdk8u144\9417\hotspot\src\share\vm\runtime\sharedRuntime.cpp, line 605]
Event: 440.002 Thread 0x000000002354c000 Exception <a 'java/security/PrivilegedActionException'> (0x0000000774f17ca0) thrown at [C:\re\workspace\8-2-build-windows-amd64-cygwin\jdk8u144\9417\hotspot\src\share\vm\prims\jvm.cpp, line 1390]
Event: 440.002 Thread 0x000000002354c000 Exception <a 'java/security/PrivilegedActionException'> (0x0000000774f18098) thrown at [C:\re\workspace\8-2-build-windows-amd64-cygwin\jdk8u144\9417\hotspot\src\share\vm\prims\jvm.cpp, line 1390]
Event: 440.060 Thread 0x000000002354c000 Exception <a 'java/lang/ArrayIndexOutOfBoundsException'> (0x0000000775446950) thrown at [C:\re\workspace\8-2-build-windows-amd64-cygwin\jdk8u144\9417\hotspot\src\share\vm\runtime\sharedRuntime.cpp, line 605]
Event: 511.421 Thread 0x000000002354c800 Exception <a 'java/lang/InterruptedException': sleep interrupted> (0x0000000779132348) thrown at [C:\re\workspace\8-2-build-windows-amd64-cygwin\jdk8u144\9417\hotspot\src\share\vm\prims\jvm.cpp, line 3228]

Events (10 events):
Event: 511.431 Executing VM operation: RevokeBias
Event: 511.431 Executing VM operation: RevokeBias done
Event: 511.432 Executing VM operation: RevokeBias
Event: 511.432 Executing VM operation: RevokeBias done
Event: 511.433 Executing VM operation: RevokeBias
Event: 511.433 Executing VM operation: RevokeBias done
Event: 511.433 Executing VM operation: BulkRevokeBias
Event: 511.433 Executing VM operation: BulkRevokeBias done
Event: 511.434 Thread 0x0000000020c8c800 Thread exited: 0x0000000020c8c800
Event: 511.435 Executing VM operation: ParallelGCSystemGC


Dynamic libraries:
0x00007ff6107b0000 - 0x00007ff6107e7000 	C:\Program Files\java\jdk1.8.0_144\bin\javaw.exe
0x00007ffa66780000 - 0x00007ffa66970000 	C:\Windows\SYSTEM32\ntdll.dll
0x00007ffa64890000 - 0x00007ffa64942000 	C:\Windows\System32\KERNEL32.DLL
0x00007ffa64180000 - 0x00007ffa64424000 	C:\Windows\System32\KERNELBASE.dll
0x00007ffa65fa0000 - 0x00007ffa66043000 	C:\Windows\System32\ADVAPI32.dll
0x00007ffa664c0000 - 0x00007ffa6655e000 	C:\Windows\System32\msvcrt.dll
0x00007ffa66560000 - 0x00007ffa665f7000 	C:\Windows\System32\sechost.dll
0x00007ffa64e20000 - 0x00007ffa64f40000 	C:\Windows\System32\RPCRT4.dll
0x00007ffa64b00000 - 0x00007ffa64c94000 	C:\Windows\System32\USER32.dll
0x00007ffa64150000 - 0x00007ffa64171000 	C:\Windows\System32\win32u.dll
0x00007ffa66680000 - 0x00007ffa666a6000 	C:\Windows\System32\GDI32.dll
0x00007ffa64690000 - 0x00007ffa64826000 	C:\Windows\System32\gdi32full.dll
0x00007ffa63720000 - 0x00007ffa637be000 	C:\Windows\System32\msvcp_win.dll
0x00007ffa644e0000 - 0x00007ffa645da000 	C:\Windows\System32\ucrtbase.dll
0x00007ffa4fd40000 - 0x00007ffa4ffc4000 	C:\Windows\WinSxS\amd64_microsoft.windows.common-controls_6595b64144ccf1df_6.0.18362.959_none_e6c7bbbf130c62bb\COMCTL32.dll
0x00007ffa64f40000 - 0x00007ffa65275000 	C:\Windows\System32\combase.dll
0x00007ffa640d0000 - 0x00007ffa64150000 	C:\Windows\System32\bcryptPrimitives.dll
0x00007ffa65b80000 - 0x00007ffa65bae000 	C:\Windows\System32\IMM32.DLL
0x0000000061a70000 - 0x0000000061b42000 	C:\Program Files\java\jdk1.8.0_144\jre\bin\msvcr100.dll
0x000000005f9d0000 - 0x000000006026d000 	C:\Program Files\java\jdk1.8.0_144\jre\bin\server\jvm.dll
0x00007ffa666b0000 - 0x00007ffa666b8000 	C:\Windows\System32\PSAPI.DLL
0x00007ffa5f950000 - 0x00007ffa5f974000 	C:\Windows\SYSTEM32\WINMM.dll
0x00007ffa51a20000 - 0x00007ffa51a29000 	C:\Windows\SYSTEM32\WSOCK32.dll
0x00007ffa65bc0000 - 0x00007ffa65c2f000 	C:\Windows\System32\WS2_32.dll
0x00007ffa5b620000 - 0x00007ffa5b62a000 	C:\Windows\SYSTEM32\VERSION.dll
0x00007ffa5f920000 - 0x00007ffa5f94d000 	C:\Windows\SYSTEM32\winmmbase.dll
0x00007ffa645e0000 - 0x00007ffa6462a000 	C:\Windows\System32\cfgmgr32.dll
0x0000000063650000 - 0x000000006365f000 	C:\Program Files\java\jdk1.8.0_144\jre\bin\verify.dll
0x0000000063620000 - 0x0000000063649000 	C:\Program Files\java\jdk1.8.0_144\jre\bin\java.dll
0x0000000061a20000 - 0x0000000061a55000 	C:\Program Files\java\jdk1.8.0_144\jre\bin\jdwp.dll
0x00000000635f0000 - 0x00000000635f8000 	C:\Program Files\java\jdk1.8.0_144\jre\bin\npt.dll
0x0000000061ee0000 - 0x0000000061ef6000 	C:\Program Files\java\jdk1.8.0_144\jre\bin\zip.dll
0x00007ffa65330000 - 0x00007ffa65a16000 	C:\Windows\System32\SHELL32.dll
0x00007ffa65280000 - 0x00007ffa65329000 	C:\Windows\System32\shcore.dll
0x00007ffa637f0000 - 0x00007ffa63f72000 	C:\Windows\System32\windows.storage.dll
0x00007ffa63680000 - 0x00007ffa636a3000 	C:\Windows\System32\profapi.dll
0x00007ffa636b0000 - 0x00007ffa636fa000 	C:\Windows\System32\powrprof.dll
0x00007ffa63630000 - 0x00007ffa63640000 	C:\Windows\System32\UMPDC.dll
0x00007ffa666e0000 - 0x00007ffa66732000 	C:\Windows\System32\shlwapi.dll
0x00007ffa63640000 - 0x00007ffa63651000 	C:\Windows\System32\kernel.appcore.dll
0x00007ffa63700000 - 0x00007ffa63717000 	C:\Windows\System32\cryptsp.dll
0x0000000061a10000 - 0x0000000061a19000 	C:\Program Files\java\jdk1.8.0_144\jre\bin\dt_socket.dll
0x00007ffa4f750000 - 0x00007ffa4f766000 	C:\Windows\system32\napinsp.dll
0x00007ffa4f700000 - 0x00007ffa4f71a000 	C:\Windows\system32\pnrpnsp.dll
0x00007ffa62e40000 - 0x00007ffa62ea7000 	C:\Windows\System32\mswsock.dll
0x00007ffa62b90000 - 0x00007ffa62c5b000 	C:\Windows\SYSTEM32\DNSAPI.dll
0x00007ffa65bb0000 - 0x00007ffa65bb8000 	C:\Windows\System32\NSI.dll
0x00007ffa62b50000 - 0x00007ffa62b8a000 	C:\Windows\SYSTEM32\IPHLPAPI.DLL
0x00007ffa51a10000 - 0x00007ffa51a1e000 	C:\Windows\System32\winrnr.dll
0x00007ffa5e2e0000 - 0x00007ffa5e2fc000 	C:\Windows\system32\NLAapi.dll
0x00007ffa4f6e0000 - 0x00007ffa4f6f5000 	C:\Windows\system32\wshbth.dll
0x00007ffa5d020000 - 0x00007ffa5d097000 	C:\Windows\System32\fwpuclnt.dll
0x00007ffa637c0000 - 0x00007ffa637e6000 	C:\Windows\System32\bcrypt.dll
0x00007ffa5b190000 - 0x00007ffa5b19a000 	C:\Windows\System32\rasadhlp.dll
0x0000000063610000 - 0x000000006361d000 	C:\Program Files\java\jdk1.8.0_144\jre\bin\management.dll
0x0000000061ec0000 - 0x0000000061eda000 	C:\Program Files\java\jdk1.8.0_144\jre\bin\net.dll
0x0000000061b80000 - 0x0000000061b91000 	C:\Program Files\java\jdk1.8.0_144\jre\bin\nio.dll
0x00007ffa629b0000 - 0x00007ffa629e3000 	C:\Windows\system32\rsaenh.dll
0x00007ffa63550000 - 0x00007ffa63575000 	C:\Windows\SYSTEM32\USERENV.dll
0x00007ffa63070000 - 0x00007ffa6307c000 	C:\Windows\SYSTEM32\CRYPTBASE.dll
0x00007ffa5d4a0000 - 0x00007ffa5d4b6000 	C:\Windows\SYSTEM32\dhcpcsvc6.DLL
0x00007ffa5d480000 - 0x00007ffa5d49c000 	C:\Windows\SYSTEM32\dhcpcsvc.DLL
0x0000000061b50000 - 0x0000000061b74000 	C:\Program Files\java\jdk1.8.0_144\jre\bin\sunec.dll
0x0000000061a60000 - 0x0000000061a6b000 	C:\Program Files\java\jdk1.8.0_144\jre\bin\sunmscapi.dll
0x00007ffa63f80000 - 0x00007ffa640c9000 	C:\Windows\System32\CRYPT32.dll
0x00007ffa63660000 - 0x00007ffa63672000 	C:\Windows\System32\MSASN1.dll
0x00007ffa61f40000 - 0x00007ffa62134000 	C:\Windows\SYSTEM32\dbghelp.dll

VM Arguments:
jvm_args: -agentlib:jdwp=transport=dt_socket,suspend=y,address=localhost:53002 -Dcom.sun.management.jmxremote -Dcom.sun.management.jmxremote.port=53001 -Dcom.sun.management.jmxremote.authenticate=false -Dcom.sun.management.jmxremote.ssl=false -Djava.rmi.server.hostname=localhost -Dspring.application.admin.enabled=true -Xverify:none -XX:TieredStopAtLevel=1 -Dfile.encoding=UTF-8 
java_command: cl.turismorealweb.web.app.TurismoRealWebApplication --spring.output.ansi.enabled=always
java_class_path (initial): C:\Mis Proyectos\java\web\turismoRealWeb\target\classes;C:\Users\narav\.m2\repository\org\springframework\boot\spring-boot-starter-data-jpa\2.3.3.RELEASE\spring-boot-starter-data-jpa-2.3.3.RELEASE.jar;C:\Users\narav\.m2\repository\org\springframework\boot\spring-boot-starter-aop\2.3.3.RELEASE\spring-boot-starter-aop-2.3.3.RELEASE.jar;C:\Users\narav\.m2\repository\org\springframework\spring-aop\5.2.8.RELEASE\spring-aop-5.2.8.RELEASE.jar;C:\Users\narav\.m2\repository\org\aspectj\aspectjweaver\1.9.6\aspectjweaver-1.9.6.jar;C:\Users\narav\.m2\repository\org\springframework\boot\spring-boot-starter-jdbc\2.3.3.RELEASE\spring-boot-starter-jdbc-2.3.3.RELEASE.jar;C:\Users\narav\.m2\repository\com\zaxxer\HikariCP\3.4.5\HikariCP-3.4.5.jar;C:\Users\narav\.m2\repository\org\springframework\spring-jdbc\5.2.8.RELEASE\spring-jdbc-5.2.8.RELEASE.jar;C:\Users\narav\.m2\repository\jakarta\transaction\jakarta.transaction-api\1.3.3\jakarta.transaction-api-1.3.3.jar;C:\Users\narav\.m2\repository\jakarta\persistence\jakarta.persistence-api\2.2.3\jakarta.persistence-api-2.2.3.jar;C:\Users\narav\.m2\repository\org\hibernate\hibernate-core\5.4.20.Final\hibernate-core-5.4.20.Final.jar;C:\Users\narav\.m2\repository\org\jboss\logging\jboss-logging\3.4.1.Final\jboss-logging-3.4.1.Final.jar;C:\Users\narav\.m2\repository\org\javassist\javassist\3.24.0-GA\javassist-3.24.0-GA.jar;C:\Users\narav\.m2\repository\net\bytebuddy\byte-buddy\1.10.14\byte-buddy-1.10.14.jar;C:\Users\narav\.m2\repository\antlr\antlr\2.7.7\antlr-2.7.7.jar;C:\Users\narav\.m2\repository\org\jboss\jandex\2.1.3.Final\jandex-2.1.3.Final.jar;C:\Users\narav\.m2\repository\com\fasterxml\classmate\1.5.1\classmate-1.5.1.jar;C:\Users\narav\.m2\repository\org\dom4j\dom4j\2.1.3\dom4j-2.1.3.jar;C:\Users\narav\.m2\repository\org\hibernate\common\hibernate-commons-annotations\5.1.0.Final\hibernate-commons-annotations-5.1.0.Final.jar;C:\Users\narav\.m2\repository\org\glassfish\jaxb\jaxb-runtime\2.3.3\jaxb-runtime-2.3
Launcher Type: SUN_STANDARD

Environment Variables:
JAVA_HOME=C:\Program Files\java\jdk1.8.0_144
PATH=C:\Program Files\java\jdk1.8.0_144\jre\bin;C:/Program Files/java/jdk1.8.0_144/bin/../jre/bin/server;C:/Program Files/java/jdk1.8.0_144/bin/../jre/bin;C:/Program Files/java/jdk1.8.0_144/bin/../jre/lib/amd64;C:\Program Files\Microsoft MPI\Bin\;C:\Python27\;C:\Python27\Scripts;C:\oraclexe\app\oracle\product\11.2.0\server\bin;C:\Windows\system32;C:\Windows;C:\Windows\System32\Wbem;C:\Windows\System32\WindowsPowerShell\v1.0\;C:\Windows\System32\OpenSSH\;C:\Program Files\java\jdk1.8.0_144\bin;C:\Program Files\dotnet\;C:\Program Files\Microsoft SQL Server\130\Tools\Binn\;C:\android-sdk\tools;C:\android-sdk\platform-tools;C:\apache-maven-3.6.2\bin;C:\Program Files\nodejs\;C:\ProgramData\chocolatey\bin;C:\Program Files\PuTTY\;C:\Windows\system32\config\systemprofile\.dnx\bin;C:\Program Files\Microsoft DNX\Dnvm\;C:\Program Files\Microsoft SQL Server\Client SDK\ODBC\130\Tools\Binn\;C:\Program Files (x86)\Microsoft SQL Server\140\Tools\Binn\;C:\Program Files\Microsoft SQL Server\140\Tools\Binn\;C:\Program Files\Microsoft SQL Server\140\DTS\Binn\;C:\Program Files (x86)\Microsoft SQL Server\150\DTS\Binn\;C:\Program Files\Microsoft SQL Server\Client SDK\ODBC\170\Tools\Binn\;C:\Program Files (x86)\Microsoft SQL Server\110\DTS\Binn\;C:\Program Files (x86)\Microsoft SQL Server\120\DTS\Binn\;C:\Program Files (x86)\Microsoft SQL Server\130\DTS\Binn\;C:\Program Files (x86)\Microsoft SQL Server\140\DTS\Binn\;C:\Program Files\Git\cmd;C:\Program Files (x86)\Microsoft SQL Server\150\Tools\Binn\;C:\Program Files\Microsoft SQL Server\150\Tools\Binn\;C:\Program Files\Microsoft SQL Server\150\DTS\Binn\;C:\Users\narav\AppData\Local\Microsoft\WindowsApps;C:\Users\narav\AppData\Local\Programs\Microsoft VS Code\bin;C:\Users\narav\AppData\Local\Google\Cloud SDK\google-cloud-sdk\bin;C:\Users\narav\AppData\Roaming\npm;C:\Users\narav\AppData\Local\atom\bin;C:\Users\narav\AppData\Local\GitHubDesktop\bin;C:\Ides de Java\sts-4.1.0.RELEASE;
USERNAME=narav
OS=Windows_NT
PROCESSOR_IDENTIFIER=Intel64 Family 6 Model 94 Stepping 3, GenuineIntel



---------------  S Y S T E M  ---------------

OS: Windows 10.0 , 64 bit Build 18362 (10.0.18362.959)

CPU:total 8 (initial active 8) (4 cores per cpu, 2 threads per core) family 6 model 94 stepping 3, cmov, cx8, fxsr, mmx, sse, sse2, sse3, ssse3, sse4.1, sse4.2, popcnt, avx, avx2, aes, clmul, erms, rtm, 3dnowpref, lzcnt, ht, tsc, tscinvbit, bmi1, bmi2, adx

Memory: 4k page, physical 16640692k(3324568k free), swap 31901184k(4702168k free)

vm_info: Java HotSpot(TM) 64-Bit Server VM (25.144-b01) for windows-amd64 JRE (1.8.0_144-b01), built on Jul 21 2017 21:57:33 by "java_re" with MS VC++ 10.0 (VS2010)

time: Thu Sep 10 23:31:38 2020
elapsed time: 511 seconds (0d 0h 8m 31s)

